<?xml version="1.0" encoding="UTF-8"?>
<testng-results skipped="0" failed="1" total="1" passed="0">
  <reporter-output>
  </reporter-output>
  <suite name="Default suite" duration-ms="69297" started-at="2015-02-10T14:03:22Z" finished-at="2015-02-10T14:04:31Z">
    <groups>
    </groups>
    <test name="Default test" duration-ms="69297" started-at="2015-02-10T14:03:22Z" finished-at="2015-02-10T14:04:31Z">
      <class name="com.selenium.SelectDropDown">
        <test-method status="FAIL" signature="simpleOrder()[pri:0, instance:com.selenium.SelectDropDown@6abd0b]" name="simpleOrder" duration-ms="68969" started-at="2015-02-10T17:03:22Z" finished-at="2015-02-10T17:04:31Z">
          <exception class="org.openqa.selenium.WebDriverException">
            <message>
              <![CDATA[Failed to connect to binary FirefoxBinary(C:\Program Files\Mozilla Firefox\firefox.exe) on port 7055; process output follows: 

1423577062315	addons.xpi	WARN	Disabling foreign installed add-on web2pdfextension@web2pdf.adobedotcom in winreg-app-global
1423577062315	addons.xpi-utils	DEBUG	Make addon winreg-app-global:web2pdfextension@web2pdf.adobedotcom visible
1423577062315	DeferredSave.extensions.json	DEBUG	Save changes
1423577062315	DeferredSave.extensions.json	DEBUG	Save changes
1423577062316	addons.xpi	DEBUG	Updating XPIState for {"id":"web2pdfextension@web2pdf.adobedotcom","syncGUID":"YDFGNt01ZmlO","location":"winreg-app-global","version":"1.2","type":"extension","internalName":null,"updateURL":null,"updateKey":null,"optionsURL":null,"optionsType":null,"aboutURL":null,"iconURL":null,"icon64URL":null,"defaultLocale":{"name":"Adobe Acrobat - Create PDF","description":"Converts a web page to PDF","creator":"Adobe Systems Incorporated","homepageURL":"http://www.adobe.com/"},"visible":true,"active":false,"userDisabled":true,"appDisabled":false,"descriptor":"C:\\Program Files\\Adobe\\Acrobat 10.0\\Acrobat\\Browser\\WCFirefoxExtn","installDate":1408206980859,"updateDate":1408206980859,"applyBackgroundUpdates":1,"bootstrap":false,"size":514814,"sourceURI":null,"releaseNotesURI":null,"softDisabled":false,"foreignInstall":true,"hasBinaryComponents":false,"strictCompatibility":false,"locales":[],"targetApplications":[{"id":"{ec8030f7-c20a-464f-9b0e-13a3a9e97384}","minVersion":"3.6","maxVersion":"*.*"}],"targetPlatforms":[],"multiprocessCompatible":false}
1423577062316	addons.xpi	DEBUG	New add-on ffpwdman@bitdefender.com installed in winreg-app-global
1423577062336	addons.xpi	WARN	Disabling foreign installed add-on ffpwdman@bitdefender.com in winreg-app-global
1423577062336	addons.xpi-utils	DEBUG	Make addon winreg-app-global:ffpwdman@bitdefender.com visible
1423577062336	DeferredSave.extensions.json	DEBUG	Save changes
1423577062336	DeferredSave.extensions.json	DEBUG	Save changes
1423577062336	addons.xpi	DEBUG	Updating XPIState for {"id":"ffpwdman@bitdefender.com","syncGUID":"hcHGjw9KRXk4","location":"winreg-app-global","version":"1.0","type":"extension","internalName":null,"updateURL":null,"updateKey":null,"optionsURL":null,"optionsType":null,"aboutURL":null,"iconURL":"chrome://ffpwdman/skin/bd48.png","icon64URL":null,"defaultLocale":{"name":"Bitdefender Wallet","description":"BitDefender Wallet","creator":"BitDefender S.R.L.","homepageURL":"http://www.bitdefender.com"},"visible":true,"active":false,"userDisabled":true,"appDisabled":false,"descriptor":"C:\\Program Files\\Bitdefender\\Bitdefender\\ffpwdman","installDate":1417168190843,"updateDate":1417168190843,"applyBackgroundUpdates":1,"bootstrap":false,"size":97885,"sourceURI":null,"releaseNotesURI":null,"softDisabled":false,"foreignInstall":true,"hasBinaryComponents":false,"strictCompatibility":false,"locales":[],"targetApplications":[{"id":"{ec8030f7-c20a-464f-9b0e-13a3a9e97384}","minVersion":"4.0","maxVersion":"*.*"}],"targetPlatforms":[],"multiprocessCompatible":false}
1423577062337	addons.xpi	DEBUG	Updating database with changes to installed add-ons
1423577062337	addons.xpi-utils	DEBUG	Updating add-on states
1423577062338	addons.xpi-utils	DEBUG	Writing add-ons list
1423577062375	addons.manager	DEBUG	Registering shutdown blocker for XPIProvider
1423577062376	addons.manager	DEBUG	Registering shutdown blocker for LightweightThemeManager
1423577062377	addons.manager	DEBUG	Registering shutdown blocker for OpenH264Provider
1423577062377	addons.manager	DEBUG	Registering shutdown blocker for PluginProvider
1423577070051	DeferredSave.extensions.json	DEBUG	Starting timer
1423577070105	DeferredSave.extensions.json	DEBUG	Starting write
1423577070335	addons.manager	DEBUG	shutdown
1423577070335	addons.manager	DEBUG	Calling shutdown blocker for XPIProvider
1423577070335	addons.xpi	DEBUG	shutdown
1423577070335	addons.xpi-utils	DEBUG	shutdown
1423577070336	addons.manager	DEBUG	Calling shutdown blocker for LightweightThemeManager
1423577070336	addons.manager	DEBUG	Calling shutdown blocker for OpenH264Provider
1423577070337	addons.manager	DEBUG	Calling shutdown blocker for PluginProvider

Build info: version: '2.44.0', revision: '76d78cf', time: '2014-10-23 20:02:37'
System info: host: 'alex', ip: '192.168.0.102', os.name: 'Windows XP', os.arch: 'x86', os.version: '5.1', java.version: '1.7.0_65'
Driver info: driver.version: FirefoxDriver]]>
            </message>
            <full-stacktrace>
              <![CDATA[org.openqa.selenium.WebDriverException: Failed to connect to binary FirefoxBinary(C:\Program Files\Mozilla Firefox\firefox.exe) on port 7055; process output follows: 

1423577062315	addons.xpi	WARN	Disabling foreign installed add-on web2pdfextension@web2pdf.adobedotcom in winreg-app-global
1423577062315	addons.xpi-utils	DEBUG	Make addon winreg-app-global:web2pdfextension@web2pdf.adobedotcom visible
1423577062315	DeferredSave.extensions.json	DEBUG	Save changes
1423577062315	DeferredSave.extensions.json	DEBUG	Save changes
1423577062316	addons.xpi	DEBUG	Updating XPIState for {"id":"web2pdfextension@web2pdf.adobedotcom","syncGUID":"YDFGNt01ZmlO","location":"winreg-app-global","version":"1.2","type":"extension","internalName":null,"updateURL":null,"updateKey":null,"optionsURL":null,"optionsType":null,"aboutURL":null,"iconURL":null,"icon64URL":null,"defaultLocale":{"name":"Adobe Acrobat - Create PDF","description":"Converts a web page to PDF","creator":"Adobe Systems Incorporated","homepageURL":"http://www.adobe.com/"},"visible":true,"active":false,"userDisabled":true,"appDisabled":false,"descriptor":"C:\\Program Files\\Adobe\\Acrobat 10.0\\Acrobat\\Browser\\WCFirefoxExtn","installDate":1408206980859,"updateDate":1408206980859,"applyBackgroundUpdates":1,"bootstrap":false,"size":514814,"sourceURI":null,"releaseNotesURI":null,"softDisabled":false,"foreignInstall":true,"hasBinaryComponents":false,"strictCompatibility":false,"locales":[],"targetApplications":[{"id":"{ec8030f7-c20a-464f-9b0e-13a3a9e97384}","minVersion":"3.6","maxVersion":"*.*"}],"targetPlatforms":[],"multiprocessCompatible":false}
1423577062316	addons.xpi	DEBUG	New add-on ffpwdman@bitdefender.com installed in winreg-app-global
1423577062336	addons.xpi	WARN	Disabling foreign installed add-on ffpwdman@bitdefender.com in winreg-app-global
1423577062336	addons.xpi-utils	DEBUG	Make addon winreg-app-global:ffpwdman@bitdefender.com visible
1423577062336	DeferredSave.extensions.json	DEBUG	Save changes
1423577062336	DeferredSave.extensions.json	DEBUG	Save changes
1423577062336	addons.xpi	DEBUG	Updating XPIState for {"id":"ffpwdman@bitdefender.com","syncGUID":"hcHGjw9KRXk4","location":"winreg-app-global","version":"1.0","type":"extension","internalName":null,"updateURL":null,"updateKey":null,"optionsURL":null,"optionsType":null,"aboutURL":null,"iconURL":"chrome://ffpwdman/skin/bd48.png","icon64URL":null,"defaultLocale":{"name":"Bitdefender Wallet","description":"BitDefender Wallet","creator":"BitDefender S.R.L.","homepageURL":"http://www.bitdefender.com"},"visible":true,"active":false,"userDisabled":true,"appDisabled":false,"descriptor":"C:\\Program Files\\Bitdefender\\Bitdefender\\ffpwdman","installDate":1417168190843,"updateDate":1417168190843,"applyBackgroundUpdates":1,"bootstrap":false,"size":97885,"sourceURI":null,"releaseNotesURI":null,"softDisabled":false,"foreignInstall":true,"hasBinaryComponents":false,"strictCompatibility":false,"locales":[],"targetApplications":[{"id":"{ec8030f7-c20a-464f-9b0e-13a3a9e97384}","minVersion":"4.0","maxVersion":"*.*"}],"targetPlatforms":[],"multiprocessCompatible":false}
1423577062337	addons.xpi	DEBUG	Updating database with changes to installed add-ons
1423577062337	addons.xpi-utils	DEBUG	Updating add-on states
1423577062338	addons.xpi-utils	DEBUG	Writing add-ons list
1423577062375	addons.manager	DEBUG	Registering shutdown blocker for XPIProvider
1423577062376	addons.manager	DEBUG	Registering shutdown blocker for LightweightThemeManager
1423577062377	addons.manager	DEBUG	Registering shutdown blocker for OpenH264Provider
1423577062377	addons.manager	DEBUG	Registering shutdown blocker for PluginProvider
1423577070051	DeferredSave.extensions.json	DEBUG	Starting timer
1423577070105	DeferredSave.extensions.json	DEBUG	Starting write
1423577070335	addons.manager	DEBUG	shutdown
1423577070335	addons.manager	DEBUG	Calling shutdown blocker for XPIProvider
1423577070335	addons.xpi	DEBUG	shutdown
1423577070335	addons.xpi-utils	DEBUG	shutdown
1423577070336	addons.manager	DEBUG	Calling shutdown blocker for LightweightThemeManager
1423577070336	addons.manager	DEBUG	Calling shutdown blocker for OpenH264Provider
1423577070337	addons.manager	DEBUG	Calling shutdown blocker for PluginProvider

Build info: version: '2.44.0', revision: '76d78cf', time: '2014-10-23 20:02:37'
System info: host: 'alex', ip: '192.168.0.102', os.name: 'Windows XP', os.arch: 'x86', os.version: '5.1', java.version: '1.7.0_65'
Driver info: driver.version: FirefoxDriver
	at org.openqa.selenium.firefox.internal.NewProfileExtensionConnection.start(NewProfileExtensionConnection.java:134)
	at org.openqa.selenium.firefox.FirefoxDriver.startClient(FirefoxDriver.java:246)
	at org.openqa.selenium.remote.RemoteWebDriver.<init>(RemoteWebDriver.java:114)
	at org.openqa.selenium.firefox.FirefoxDriver.<init>(FirefoxDriver.java:193)
	at org.openqa.selenium.firefox.FirefoxDriver.<init>(FirefoxDriver.java:186)
	at org.openqa.selenium.firefox.FirefoxDriver.<init>(FirefoxDriver.java:182)
	at org.openqa.selenium.firefox.FirefoxDriver.<init>(FirefoxDriver.java:95)
	at com.selenium.SelectDropDown.simpleOrder(SelectDropDown.java:18)
	at sun.reflect.NativeMethodAccessorImpl.invoke0(Native Method)
	at sun.reflect.NativeMethodAccessorImpl.invoke(Unknown Source)
	at sun.reflect.DelegatingMethodAccessorImpl.invoke(Unknown Source)
	at java.lang.reflect.Method.invoke(Unknown Source)
	at org.testng.internal.MethodInvocationHelper.invokeMethod(MethodInvocationHelper.java:84)
	at org.testng.internal.Invoker.invokeMethod(Invoker.java:714)
	at org.testng.internal.Invoker.invokeTestMethod(Invoker.java:901)
	at org.testng.internal.Invoker.invokeTestMethods(Invoker.java:1231)
	at org.testng.internal.TestMethodWorker.invokeTestMethods(TestMethodWorker.java:127)
	at org.testng.internal.TestMethodWorker.run(TestMethodWorker.java:111)
	at org.testng.TestRunner.privateRun(TestRunner.java:767)
	at org.testng.TestRunner.run(TestRunner.java:617)
	at org.testng.SuiteRunner.runTest(SuiteRunner.java:334)
	at org.testng.SuiteRunner.runSequentially(SuiteRunner.java:329)
	at org.testng.SuiteRunner.privateRun(SuiteRunner.java:291)
	at org.testng.SuiteRunner.run(SuiteRunner.java:240)
	at org.testng.SuiteRunnerWorker.runSuite(SuiteRunnerWorker.java:52)
	at org.testng.SuiteRunnerWorker.run(SuiteRunnerWorker.java:86)
	at org.testng.TestNG.runSuitesSequentially(TestNG.java:1224)
	at org.testng.TestNG.runSuitesLocally(TestNG.java:1149)
	at org.testng.TestNG.run(TestNG.java:1057)
	at org.testng.remote.RemoteTestNG.run(RemoteTestNG.java:111)
	at org.testng.remote.RemoteTestNG.initAndRun(RemoteTestNG.java:204)
	at org.testng.remote.RemoteTestNG.main(RemoteTestNG.java:175)
Caused by: org.openqa.selenium.WebDriverException: java.lang.InterruptedException: Process timed out after waiting for 45000 ms.
Build info: version: '2.44.0', revision: '76d78cf', time: '2014-10-23 20:02:37'
System info: host: 'alex', ip: '192.168.0.102', os.name: 'Windows XP', os.arch: 'x86', os.version: '5.1', java.version: '1.7.0_65'
Driver info: driver.version: FirefoxDriver
	at org.openqa.selenium.os.CommandLine.waitFor(CommandLine.java:131)
	at org.openqa.selenium.firefox.FirefoxBinary.waitFor(FirefoxBinary.java:222)
	at org.openqa.selenium.firefox.FirefoxBinary.clean(FirefoxBinary.java:242)
	at org.openqa.selenium.firefox.internal.NewProfileExtensionConnection.start(NewProfileExtensionConnection.java:91)
	... 31 more
Caused by: java.lang.InterruptedException: Process timed out after waiting for 45000 ms.
	at org.openqa.selenium.os.UnixProcess.waitFor(UnixProcess.java:148)
	at org.openqa.selenium.os.CommandLine.waitFor(CommandLine.java:129)
	... 34 more
]]>
            </full-stacktrace>
          </exception> <!-- org.openqa.selenium.WebDriverException -->
          <reporter-output>
          </reporter-output>
        </test-method> <!-- simpleOrder -->
      </class> <!-- com.selenium.SelectDropDown -->
    </test> <!-- Default test -->
  </suite> <!-- Default suite -->
</testng-results>
