<?xml version="1.0" encoding="UTF-8"?>
<testng-results skipped="0" failed="0" total="1" passed="1">
  <reporter-output>
  </reporter-output>
  <suite name="Default suite" duration-ms="34109" started-at="2015-02-18T21:41:24Z" finished-at="2015-02-18T21:41:58Z">
    <groups>
    </groups>
    <test name="Default test" duration-ms="34109" started-at="2015-02-18T21:41:24Z" finished-at="2015-02-18T21:41:58Z">
      <class name="pom.FlowTest">
        <test-method status="PASS" signature="setup()[pri:0, instance:pom.FlowTest@1a13f3d]" name="setup" is-config="true" duration-ms="13610" started-at="2015-02-19T00:41:24Z" finished-at="2015-02-19T00:41:37Z">
          <reporter-output>
          </reporter-output>
        </test-method> <!-- setup -->
        <test-method status="PASS" signature="listPrestatori()[pri:0, instance:pom.FlowTest@1a13f3d]" name="listPrestatori" duration-ms="20484" started-at="2015-02-19T00:41:37Z" finished-at="2015-02-19T00:41:58Z">
          <reporter-output>
          </reporter-output>
        </test-method> <!-- listPrestatori -->
      </class> <!-- pom.FlowTest -->
    </test> <!-- Default test -->
  </suite> <!-- Default suite -->
</testng-results>
